a                 5.1
b                 3.5
c                 1.4
d                 0.2
Family    Iris-setosa
Name: 0, dtype: object

a                 4.9
b                   3
c                 1.4
d                 0.2
Family    Iris-setosa
Name: 1, dtype: object

a                 4.7
b                 3.2
c                 1.3
d                 0.2
Family    Iris-setosa
Name: 2, dtype: object

a                 4.6
b                 3.1
c                 1.5
d                 0.2
Family    Iris-setosa
Name: 3, dtype: object

a                   5
b                 3.6
c                 1.4
d                 0.2
Family    Iris-setosa
Name: 4, dtype: object

a                 5.4
b                 3.9
c                 1.7
d                 0.4
Family    Iris-setosa
Name: 5, dtype: object

a                 4.6
b                 3.4
c                 1.4
d                 0.3
Family    Iris-setosa
Name: 6, dtype: object

a                   5
b                 3.4
c                 1.5
d                 0.2
Family    Iris-setosa
Name: 7, dtype: object

a                 4.4
b                 2.9
c                 1.4
d                 0.2
Family    Iris-setosa
Name: 8, dtype: object

a                 4.9
b                 3.1
c                 1.5
d                 0.1
Family    Iris-setosa
Name: 9, dtype: object

a                 5.4
b                 3.7
c                 1.5
d                 0.2
Family    Iris-setosa
Name: 10, dtype: object

a                 4.8
b                 3.4
c                 1.6
d                 0.2
Family    Iris-setosa
Name: 11, dtype: object

a                 4.8
b                   3
c                 1.4
d                 0.1
Family    Iris-setosa
Name: 12, dtype: object

a                 4.3
b                   3
c                 1.1
d                 0.1
Family    Iris-setosa
Name: 13, dtype: object

a                 5.8
b                   4
c                 1.2
d                 0.2
Family    Iris-setosa
Name: 14, dtype: object

a                 5.7
b                 4.4
c                 1.5
d                 0.4
Family    Iris-setosa
Name: 15, dtype: object

a                 5.4
b                 3.9
c                 1.3
d                 0.4
Family    Iris-setosa
Name: 16, dtype: object

a                 5.1
b                 3.5
c                 1.4
d                 0.3
Family    Iris-setosa
Name: 17, dtype: object

a                 5.7
b                 3.8
c                 1.7
d                 0.3
Family    Iris-setosa
Name: 18, dtype: object

a                 5.1
b                 3.8
c                 1.5
d                 0.3
Family    Iris-setosa
Name: 19, dtype: object

a                 5.4
b                 3.4
c                 1.7
d                 0.2
Family    Iris-setosa
Name: 20, dtype: object

a                 5.1
b                 3.7
c                 1.5
d                 0.4
Family    Iris-setosa
Name: 21, dtype: object

a                 4.6
b                 3.6
c                   1
d                 0.2
Family    Iris-setosa
Name: 22, dtype: object

a                 5.1
b                 3.3
c                 1.7
d                 0.5
Family    Iris-setosa
Name: 23, dtype: object

a                 4.8
b                 3.4
c                 1.9
d                 0.2
Family    Iris-setosa
Name: 24, dtype: object

a                   5
b                   3
c                 1.6
d                 0.2
Family    Iris-setosa
Name: 25, dtype: object

a                   5
b                 3.4
c                 1.6
d                 0.4
Family    Iris-setosa
Name: 26, dtype: object

a                 5.2
b                 3.5
c                 1.5
d                 0.2
Family    Iris-setosa
Name: 27, dtype: object

a                 5.2
b                 3.4
c                 1.4
d                 0.2
Family    Iris-setosa
Name: 28, dtype: object

a                 4.7
b                 3.2
c                 1.6
d                 0.2
Family    Iris-setosa
Name: 29, dtype: object

a                 4.8
b                 3.1
c                 1.6
d                 0.2
Family    Iris-setosa
Name: 30, dtype: object

a                 5.4
b                 3.4
c                 1.5
d                 0.4
Family    Iris-setosa
Name: 31, dtype: object

a                 5.2
b                 4.1
c                 1.5
d                 0.1
Family    Iris-setosa
Name: 32, dtype: object

a                 5.5
b                 4.2
c                 1.4
d                 0.2
Family    Iris-setosa
Name: 33, dtype: object

a                 4.9
b                 3.1
c                 1.5
d                 0.1
Family    Iris-setosa
Name: 34, dtype: object

a                   5
b                 3.2
c                 1.2
d                 0.2
Family    Iris-setosa
Name: 35, dtype: object

a                 5.5
b                 3.5
c                 1.3
d                 0.2
Family    Iris-setosa
Name: 36, dtype: object

a                 4.9
b                 3.1
c                 1.5
d                 0.1
Family    Iris-setosa
Name: 37, dtype: object

a                 4.4
b                   3
c                 1.3
d                 0.2
Family    Iris-setosa
Name: 38, dtype: object

a                 5.1
b                 3.4
c                 1.5
d                 0.2
Family    Iris-setosa
Name: 39, dtype: object

a                   5
b                 3.5
c                 1.3
d                 0.3
Family    Iris-setosa
Name: 40, dtype: object

a                 4.5
b                 2.3
c                 1.3
d                 0.3
Family    Iris-setosa
Name: 41, dtype: object

a                 4.4
b                 3.2
c                 1.3
d                 0.2
Family    Iris-setosa
Name: 42, dtype: object

a                   5
b                 3.5
c                 1.6
d                 0.6
Family    Iris-setosa
Name: 43, dtype: object

a                 5.1
b                 3.8
c                 1.9
d                 0.4
Family    Iris-setosa
Name: 44, dtype: object

a                 4.8
b                   3
c                 1.4
d                 0.3
Family    Iris-setosa
Name: 45, dtype: object

a                 5.1
b                 3.8
c                 1.6
d                 0.2
Family    Iris-setosa
Name: 46, dtype: object

a                 4.6
b                 3.2
c                 1.4
d                 0.2
Family    Iris-setosa
Name: 47, dtype: object

a                 5.3
b                 3.7
c                 1.5
d                 0.2
Family    Iris-setosa
Name: 48, dtype: object

a                   5
b                 3.3
c                 1.4
d                 0.2
Family    Iris-setosa
Name: 49, dtype: object

a                       7
b                     3.2
c                     4.7
d                     1.4
Family    Iris-versicolor
Name: 50, dtype: object

a                     6.4
b                     3.2
c                     4.5
d                     1.5
Family    Iris-versicolor
Name: 51, dtype: object

a                     6.9
b                     3.1
c                     4.9
d                     1.5
Family    Iris-versicolor
Name: 52, dtype: object

a                     5.5
b                     2.3
c                       4
d                     1.3
Family    Iris-versicolor
Name: 53, dtype: object

a                     6.5
b                     2.8
c                     4.6
d                     1.5
Family    Iris-versicolor
Name: 54, dtype: object

a                     5.7
b                     2.8
c                     4.5
d                     1.3
Family    Iris-versicolor
Name: 55, dtype: object

a                     6.3
b                     3.3
c                     4.7
d                     1.6
Family    Iris-versicolor
Name: 56, dtype: object

a                     4.9
b                     2.4
c                     3.3
d                       1
Family    Iris-versicolor
Name: 57, dtype: object

a                     6.6
b                     2.9
c                     4.6
d                     1.3
Family    Iris-versicolor
Name: 58, dtype: object

a                     5.2
b                     2.7
c                     3.9
d                     1.4
Family    Iris-versicolor
Name: 59, dtype: object

a                       5
b                       2
c                     3.5
d                       1
Family    Iris-versicolor
Name: 60, dtype: object

a                     5.9
b                       3
c                     4.2
d                     1.5
Family    Iris-versicolor
Name: 61, dtype: object

a                       6
b                     2.2
c                       4
d                       1
Family    Iris-versicolor
Name: 62, dtype: object

a                     6.1
b                     2.9
c                     4.7
d                     1.4
Family    Iris-versicolor
Name: 63, dtype: object

a                     5.6
b                     2.9
c                     3.6
d                     1.3
Family    Iris-versicolor
Name: 64, dtype: object

a                     6.7
b                     3.1
c                     4.4
d                     1.4
Family    Iris-versicolor
Name: 65, dtype: object

a                     5.6
b                       3
c                     4.5
d                     1.5
Family    Iris-versicolor
Name: 66, dtype: object

a                     5.8
b                     2.7
c                     4.1
d                       1
Family    Iris-versicolor
Name: 67, dtype: object

a                     6.2
b                     2.2
c                     4.5
d                     1.5
Family    Iris-versicolor
Name: 68, dtype: object

a                     5.6
b                     2.5
c                     3.9
d                     1.1
Family    Iris-versicolor
Name: 69, dtype: object

a                     5.9
b                     3.2
c                     4.8
d                     1.8
Family    Iris-versicolor
Name: 70, dtype: object

a                     6.1
b                     2.8
c                       4
d                     1.3
Family    Iris-versicolor
Name: 71, dtype: object

a                     6.3
b                     2.5
c                     4.9
d                     1.5
Family    Iris-versicolor
Name: 72, dtype: object

a                     6.1
b                     2.8
c                     4.7
d                     1.2
Family    Iris-versicolor
Name: 73, dtype: object

a                     6.4
b                     2.9
c                     4.3
d                     1.3
Family    Iris-versicolor
Name: 74, dtype: object

a                     6.6
b                       3
c                     4.4
d                     1.4
Family    Iris-versicolor
Name: 75, dtype: object

a                     6.8
b                     2.8
c                     4.8
d                     1.4
Family    Iris-versicolor
Name: 76, dtype: object

a                     6.7
b                       3
c                       5
d                     1.7
Family    Iris-versicolor
Name: 77, dtype: object

a                       6
b                     2.9
c                     4.5
d                     1.5
Family    Iris-versicolor
Name: 78, dtype: object

a                     5.7
b                     2.6
c                     3.5
d                       1
Family    Iris-versicolor
Name: 79, dtype: object

a                     5.5
b                     2.4
c                     3.8
d                     1.1
Family    Iris-versicolor
Name: 80, dtype: object

a                     5.5
b                     2.4
c                     3.7
d                       1
Family    Iris-versicolor
Name: 81, dtype: object

a                     5.8
b                     2.7
c                     3.9
d                     1.2
Family    Iris-versicolor
Name: 82, dtype: object

a                       6
b                     2.7
c                     5.1
d                     1.6
Family    Iris-versicolor
Name: 83, dtype: object

a                     5.4
b                       3
c                     4.5
d                     1.5
Family    Iris-versicolor
Name: 84, dtype: object

a                       6
b                     3.4
c                     4.5
d                     1.6
Family    Iris-versicolor
Name: 85, dtype: object

a                     6.7
b                     3.1
c                     4.7
d                     1.5
Family    Iris-versicolor
Name: 86, dtype: object

a                     6.3
b                     2.3
c                     4.4
d                     1.3
Family    Iris-versicolor
Name: 87, dtype: object

a                     5.6
b                       3
c                     4.1
d                     1.3
Family    Iris-versicolor
Name: 88, dtype: object

a                     5.5
b                     2.5
c                       4
d                     1.3
Family    Iris-versicolor
Name: 89, dtype: object

a                     5.5
b                     2.6
c                     4.4
d                     1.2
Family    Iris-versicolor
Name: 90, dtype: object

a                     6.1
b                       3
c                     4.6
d                     1.4
Family    Iris-versicolor
Name: 91, dtype: object

a                     5.8
b                     2.6
c                       4
d                     1.2
Family    Iris-versicolor
Name: 92, dtype: object

a                       5
b                     2.3
c                     3.3
d                       1
Family    Iris-versicolor
Name: 93, dtype: object

a                     5.6
b                     2.7
c                     4.2
d                     1.3
Family    Iris-versicolor
Name: 94, dtype: object

a                     5.7
b                       3
c                     4.2
d                     1.2
Family    Iris-versicolor
Name: 95, dtype: object

a                     5.7
b                     2.9
c                     4.2
d                     1.3
Family    Iris-versicolor
Name: 96, dtype: object

a                     6.2
b                     2.9
c                     4.3
d                     1.3
Family    Iris-versicolor
Name: 97, dtype: object

a                     5.1
b                     2.5
c                       3
d                     1.1
Family    Iris-versicolor
Name: 98, dtype: object

a                     5.7
b                     2.8
c                     4.1
d                     1.3
Family    Iris-versicolor
Name: 99, dtype: object

a                    6.3
b                    3.3
c                      6
d                    2.5
Family    Iris-virginica
Name: 100, dtype: object

a                    5.8
b                    2.7
c                    5.1
d                    1.9
Family    Iris-virginica
Name: 101, dtype: object

a                    7.1
b                      3
c                    5.9
d                    2.1
Family    Iris-virginica
Name: 102, dtype: object

a                    6.3
b                    2.9
c                    5.6
d                    1.8
Family    Iris-virginica
Name: 103, dtype: object

a                    6.5
b                      3
c                    5.8
d                    2.2
Family    Iris-virginica
Name: 104, dtype: object

a                    7.6
b                      3
c                    6.6
d                    2.1
Family    Iris-virginica
Name: 105, dtype: object

a                    4.9
b                    2.5
c                    4.5
d                    1.7
Family    Iris-virginica
Name: 106, dtype: object

a                    7.3
b                    2.9
c                    6.3
d                    1.8
Family    Iris-virginica
Name: 107, dtype: object

a                    6.7
b                    2.5
c                    5.8
d                    1.8
Family    Iris-virginica
Name: 108, dtype: object

a                    7.2
b                    3.6
c                    6.1
d                    2.5
Family    Iris-virginica
Name: 109, dtype: object

a                    6.5
b                    3.2
c                    5.1
d                      2
Family    Iris-virginica
Name: 110, dtype: object

a                    6.4
b                    2.7
c                    5.3
d                    1.9
Family    Iris-virginica
Name: 111, dtype: object

a                    6.8
b                      3
c                    5.5
d                    2.1
Family    Iris-virginica
Name: 112, dtype: object

a                    5.7
b                    2.5
c                      5
d                      2
Family    Iris-virginica
Name: 113, dtype: object

a                    5.8
b                    2.8
c                    5.1
d                    2.4
Family    Iris-virginica
Name: 114, dtype: object

a                    6.4
b                    3.2
c                    5.3
d                    2.3
Family    Iris-virginica
Name: 115, dtype: object

a                    6.5
b                      3
c                    5.5
d                    1.8
Family    Iris-virginica
Name: 116, dtype: object

a                    7.7
b                    3.8
c                    6.7
d                    2.2
Family    Iris-virginica
Name: 117, dtype: object

a                    7.7
b                    2.6
c                    6.9
d                    2.3
Family    Iris-virginica
Name: 118, dtype: object

a                      6
b                    2.2
c                      5
d                    1.5
Family    Iris-virginica
Name: 119, dtype: object

a                    6.9
b                    3.2
c                    5.7
d                    2.3
Family    Iris-virginica
Name: 120, dtype: object

a                    5.6
b                    2.8
c                    4.9
d                      2
Family    Iris-virginica
Name: 121, dtype: object

a                    7.7
b                    2.8
c                    6.7
d                      2
Family    Iris-virginica
Name: 122, dtype: object

a                    6.3
b                    2.7
c                    4.9
d                    1.8
Family    Iris-virginica
Name: 123, dtype: object

a                    6.7
b                    3.3
c                    5.7
d                    2.1
Family    Iris-virginica
Name: 124, dtype: object

a                    7.2
b                    3.2
c                      6
d                    1.8
Family    Iris-virginica
Name: 125, dtype: object

a                    6.2
b                    2.8
c                    4.8
d                    1.8
Family    Iris-virginica
Name: 126, dtype: object

a                    6.1
b                      3
c                    4.9
d                    1.8
Family    Iris-virginica
Name: 127, dtype: object

a                    6.4
b                    2.8
c                    5.6
d                    2.1
Family    Iris-virginica
Name: 128, dtype: object

a                    7.2
b                      3
c                    5.8
d                    1.6
Family    Iris-virginica
Name: 129, dtype: object

a                    7.4
b                    2.8
c                    6.1
d                    1.9
Family    Iris-virginica
Name: 130, dtype: object

a                    7.9
b                    3.8
c                    6.4
d                      2
Family    Iris-virginica
Name: 131, dtype: object

a                    6.4
b                    2.8
c                    5.6
d                    2.2
Family    Iris-virginica
Name: 132, dtype: object

a                    6.3
b                    2.8
c                    5.1
d                    1.5
Family    Iris-virginica
Name: 133, dtype: object

a                    6.1
b                    2.6
c                    5.6
d                    1.4
Family    Iris-virginica
Name: 134, dtype: object

a                    7.7
b                      3
c                    6.1
d                    2.3
Family    Iris-virginica
Name: 135, dtype: object

a                    6.3
b                    3.4
c                    5.6
d                    2.4
Family    Iris-virginica
Name: 136, dtype: object

a                    6.4
b                    3.1
c                    5.5
d                    1.8
Family    Iris-virginica
Name: 137, dtype: object

a                      6
b                      3
c                    4.8
d                    1.8
Family    Iris-virginica
Name: 138, dtype: object

a                    6.9
b                    3.1
c                    5.4
d                    2.1
Family    Iris-virginica
Name: 139, dtype: object

a                    6.7
b                    3.1
c                    5.6
d                    2.4
Family    Iris-virginica
Name: 140, dtype: object

a                    6.9
b                    3.1
c                    5.1
d                    2.3
Family    Iris-virginica
Name: 141, dtype: object

a                    5.8
b                    2.7
c                    5.1
d                    1.9
Family    Iris-virginica
Name: 142, dtype: object

a                    6.8
b                    3.2
c                    5.9
d                    2.3
Family    Iris-virginica
Name: 143, dtype: object

a                    6.7
b                    3.3
c                    5.7
d                    2.5
Family    Iris-virginica
Name: 144, dtype: object

a                    6.7
b                      3
c                    5.2
d                    2.3
Family    Iris-virginica
Name: 145, dtype: object

a                    6.3
b                    2.5
c                      5
d                    1.9
Family    Iris-virginica
Name: 146, dtype: object

a                    6.5
b                      3
c                    5.2
d                      2
Family    Iris-virginica
Name: 147, dtype: object

a                    6.2
b                    3.4
c                    5.4
d                    2.3
Family    Iris-virginica
Name: 148, dtype: object

a                    5.9
b                      3
c                    5.1
d                    1.8
Family    Iris-virginica
Name: 149, dtype: object

a                   5
b                 3.4
c                 1.5
d                 0.2
Family    Iris-setosa
Name: 7, dtype: object
--------Data to predict--------
a                   5
b                 3.4
c                 1.5
d                 0.2
Family    Iris-setosa
Name: 7, dtype: object
______Distances___________
[{88: 2.913760456866693}, {74: 3.3555923471125038}, {71: 3.004995840263344}, {65: 3.5818989377144637}, {17: 0.1999999999999999}, {120: 5.06951674225463}, {90: 3.2093613071762426}, {125: 5.262128846769148}, {110: 4.3}, {64: 2.495996794869737}, {133: 4.08656334834051}, {8: 0.7874007874011809}, {2: 0.4123105625617658}, {98: 1.969771560359221}, {0: 0.17320508075688762}, {48: 0.42426406871192857}, {97: 3.277193921634788}, {112: 4.796873982084582}, {11: 0.22360679774997916}, {124: 4.914264950122246}, {93: 2.2561028345356955}, {46: 0.42426406871192834}, {139: 4.7455242070818695}, {95: 2.989983277545211}, {26: 0.22360679774997902}, {84: 3.3181320046074116}, {25: 0.41231056256176596}, {28: 0.22360679774997916}, {43: 0.42426406871192857}, {69: 2.7820855486487113}, {13: 0.9055385138137417}, {127: 3.9357337308308855}, {12: 0.469041575982343}, {122: 6.158733636065129}, {41: 1.2288205727444508}, {9: 0.3316624790355397}, {116: 4.5793012567421245}, {67: 2.920616373302046}, {47: 0.4582575694955842}, {79: 2.4020824298928627}, {19: 0.4242640687119283}, {89: 2.9189039038652846}, {85: 3.4583232931581165}, {115: 4.5661800227323495}, {86: 3.861346915261565}, {23: 0.3872983346207416}, {61: 3.154362059117501}, {50: 3.964845520319802}, {42: 0.6633249580710796}, {142: 4.120679555607302}, {136: 4.831148931672465}, {80: 2.711088342345192}, {5: 0.7000000000000002}, {3: 0.5000000000000001}, {37: 0.3316624790355397}, {36: 0.5477225575051661}, {10: 0.5000000000000004}, {113: 4.097560249709575}, {121: 3.939543120718442}, {87: 3.538361202590827}, {20: 0.4472135954999582}, {62: 3.054504869860253}, {146: 4.2}, {130: 5.492722457943784}, {27: 0.22360679774997916}, {52: 4.117037770047781}, {107: 5.580322571321482}, {77: 4.189272013130682}, {145: 4.598912915026768}, {83: 4.050925820105818}, {49: 0.14142135623730964}, {68: 3.6837480912787726}, {45: 0.4690415759823429}, {58: 3.691882988394946}, {131: 5.984981202978002}, {31: 0.44721359549995826}, {119: 4.047221268969612}, {138: 3.8223029707232783}, {82: 2.808914381037628}, {106: 3.4741905532080417}, {66: 3.348133808556641}, {114: 4.33589667773576}, {148: 4.589117562233507}, {126: 3.905124837953327}, {55: 3.3256578296631782}, {54: 3.729611239794303}, {24: 0.4472135954999579}, {72: 3.968626966596886}, {123: 4.037325847637271}, {109: 5.597320787662611}, {144: 5.082322303829225}, {32: 0.7348469228349532}, {39: 0.09999999999999964}, {143: 5.200961449578337}, {60: 2.569046515733026}, {129: 5.044799302251775}, {59: 2.7802877548915683}, {132: 4.809365862564419}, {96: 3.039736830714133}, {100: 5.219195340279955}, {141: 4.5902069670114}, {21: 0.3741657386773943}, {111: 4.447471191587417}, {22: 0.6708203932499371}, {102: 5.24785670536077}, {18: 0.8366600265340757}, {92: 2.9206163733020465}, {78: 3.455430508634199}, {140: 4.962862077471023}, {81: 2.5942243542145698}, {101: 4.120679555607302}, {57: 2.211334438749598}, {29: 0.37416573867739383}, {15: 1.2369316876852987}, {1: 0.42426406871192834}, {75: 3.5454195802471675}, {91: 3.524202037341219}, {38: 0.748331477354788}, {103: 4.616275555033517}, {51: 3.562302626111375}, {73: 3.5791060336346563}, {135: 5.746303159423456}, {76: 3.991240408695021}, {56: 3.72827037646145}, {33: 0.948683298050514}, {134: 4.483302354291979}, {99: 2.9698484809834995}, {44: 0.6082762530298218}, {6: 0.42426406871192884}, {137: 4.539823785126467}, {30: 0.3741657386773941}, {63: 3.6249137920783716}, {118: 6.442049363362563}, {40: 0.2449489742783178}, {147: 4.3977266854592045}, {34: 0.3316624790355397}, {149: 4.060788100849391}, {4: 0.22360679774997916}, {117: 6.20403094769844}, {108: 4.9749371855331}, {70: 3.7815340802378072}, {53: 2.986636904613616}, {104: 4.9899899799498595}, {128: 4.768647607026545}, {105: 6.044832503882964}, {14: 1.0440306508910548}, {94: 3.0577769702841313}, {16: 0.7000000000000002}, {35: 0.36055512754639885}]
